<?xml version="1.0" encoding="UTF-8"?>
<testng-results skipped="0" failed="0" ignored="0" total="1" passed="1">
  <reporter-output>
  </reporter-output>
  <suite name="Default suite" duration-ms="18065" started-at="2021-08-25T19:41:22 IST" finished-at="2021-08-25T19:41:40 IST">
    <groups>
    </groups>
    <test name="Default test" duration-ms="18065" started-at="2021-08-25T19:41:22 IST" finished-at="2021-08-25T19:41:40 IST">
      <class name="Function2.func">
        <test-method status="PASS" signature="sample()[pri:0, instance:Function2.func@62bd765]" name="sample" duration-ms="18031" started-at="2021-08-25T19:41:22 IST" finished-at="2021-08-25T19:41:40 IST">
          <reporter-output>
          </reporter-output>
        </test-method> <!-- sample -->
      </class> <!-- Function2.func -->
    </test> <!-- Default test -->
  </suite> <!-- Default suite -->
</testng-results>
